#
# There is insufficient memory for the Java Runtime Environment to continue.
# Native memory allocation (malloc) failed to allocate 1849936 bytes for Chunk::new
# Possible reasons:
#   The system is out of physical RAM or swap space
#   The process is running with CompressedOops enabled, and the Java Heap may be blocking the growth of the native heap
# Possible solutions:
#   Reduce memory load on the system
#   Increase physical memory or swap space
#   Check if swap backing store is full
#   Decrease Java heap size (-Xmx/-Xms)
#   Decrease number of Java threads
#   Decrease Java thread stack sizes (-Xss)
#   Set larger code cache with -XX:ReservedCodeCacheSize=
#   JVM is running with Unscaled Compressed Oops mode in which the Java heap is
#     placed in the first 4GB address space. The Java Heap base address is the
#     maximum limit for the native heap growth. Please use -XX:HeapBaseMinAddress
#     to set the Java Heap base and to place the Java Heap above 4GB virtual address.
# This output file may be truncated or incomplete.
#
#  Out of Memory Error (./src/hotspot/share/memory/arena.cpp:197), pid=10484, tid=3988
#
# JRE version: OpenJDK Runtime Environment (11.0.11+9) (build 11.0.11+9-b60-7590822)
# Java VM: OpenJDK 64-Bit Server VM (11.0.11+9-b60-7590822, mixed mode, tiered, compressed oops, g1 gc, windows-amd64)
# No core dump will be written. Minidumps are not enabled by default on client versions of Windows
#

---------------  S U M M A R Y ------------

Command Line: --add-opens=java.base/java.util=ALL-UNNAMED --add-opens=java.base/java.lang=ALL-UNNAMED --add-opens=java.base/java.lang.invoke=ALL-UNNAMED --add-opens=java.base/java.util=ALL-UNNAMED --add-opens=java.prefs/java.util.prefs=ALL-UNNAMED --add-opens=java.prefs/java.util.prefs=ALL-UNNAMED --add-opens=java.base/java.nio.charset=ALL-UNNAMED --add-opens=java.base/java.net=ALL-UNNAMED --add-opens=java.base/java.util.concurrent.atomic=ALL-UNNAMED -Xmx2048m -Dfile.encoding=UTF-8 -Duser.country=US -Duser.language=en -Duser.variant org.gradle.launcher.daemon.bootstrap.GradleDaemon 7.2

Host: Intel(R) Core(TM) i5-10210U CPU @ 1.60GHz, 8 cores, 7G,  Windows 10 , 64 bit Build 19041 (10.0.19041.1806)
Time: Fri Jul 29 13:05:36 2022 Jordan Daylight Time elapsed time: 21.300538 seconds (0d 0h 0m 21s)

---------------  T H R E A D  ---------------

Current thread (0x000001a48f817000):  JavaThread "C2 CompilerThread0" daemon [_thread_in_native, id=3988, stack(0x0000001ea0500000,0x0000001ea0600000)]


Current CompileTask:
C2:  21300 6699       4       groovy.lang.MetaClassImpl$1MOPIter::methodNameAction (325 bytes)

Stack: [0x0000001ea0500000,0x0000001ea0600000]
Native frames: (J=compiled Java code, j=interpreted, Vv=VM code, C=native code)
V  [jvm.dll+0x5f214a]
V  [jvm.dll+0x726fb5]
V  [jvm.dll+0x7285cd]
V  [jvm.dll+0x728c83]
V  [jvm.dll+0x243278]
V  [jvm.dll+0xbc53c]
V  [jvm.dll+0xbca3c]
V  [jvm.dll+0x353e3b]
V  [jvm.dll+0x321893]
V  [jvm.dll+0x320d8a]
V  [jvm.dll+0x1fc1e2]
V  [jvm.dll+0x1fb3d4]
V  [jvm.dll+0x183d6c]
V  [jvm.dll+0x209a57]
V  [jvm.dll+0x2082a1]
V  [jvm.dll+0x6ef58f]
V  [jvm.dll+0x6e80b5]
V  [jvm.dll+0x5f1036]
C  [ucrtbase.dll+0x21bb2]
C  [KERNEL32.DLL+0x17034]
C  [ntdll.dll+0x52651]


---------------  P R O C E S S  ---------------

Threads class SMR info:
_java_thread_list=0x000001a495a6ac40, length=122, elements={
0x000001a4f490c000, 0x000001a4ffdab800, 0x000001a4ffdb9800, 0x000001a48f80c800,
0x000001a48f80e800, 0x000001a48f811800, 0x000001a48f817000, 0x000001a48f81c800,
0x000001a48f820000, 0x000001a48f9bf800, 0x000001a491cb2000, 0x000001a490915800,
0x000001a491f5f000, 0x000001a4911a1800, 0x000001a49229f800, 0x000001a49199f000,
0x000001a491311800, 0x000001a4906e3000, 0x000001a4906e4000, 0x000001a491cc0800,
0x000001a491cc5800, 0x000001a491cc4000, 0x000001a491cc4800, 0x000001a491cbf800,
0x000001a491cc6000, 0x000001a491cc2000, 0x000001a491cc3000, 0x000001a491cc1800,
0x000001a48fd21000, 0x000001a48fd25000, 0x000001a48fd22800, 0x000001a48fd1f800,
0x000001a48fd26800, 0x000001a48fd27800, 0x000001a48fd22000, 0x000001a48fd2c800,
0x000001a48fd29000, 0x000001a48fd2d800, 0x000001a48fd2b000, 0x000001a48fd2e000,
0x000001a48fd2a000, 0x000001a48fd2b800, 0x000001a48fd28800, 0x000001a495cae800,
0x000001a495cad000, 0x000001a495caf000, 0x000001a495caa800, 0x000001a495ca9800,
0x000001a495cad800, 0x000001a495cb0000, 0x000001a495cb1000, 0x000001a495cab000,
0x000001a495cb1800, 0x000001a495cac000, 0x000001a495cb6800, 0x000001a495cb4000,
0x000001a495cb5000, 0x000001a495cb7800, 0x000001a495cb8000, 0x000001a495cb3800,
0x000001a495cb2800, 0x000001a495cb5800, 0x000001a492573000, 0x000001a492576000,
0x000001a492573800, 0x000001a492577800, 0x000001a492575800, 0x000001a492572000,
0x000001a492578800, 0x000001a492579800, 0x000001a49257a000, 0x000001a492574800,
0x000001a49257c800, 0x000001a492577000, 0x000001a492580800, 0x000001a492580000,
0x000001a49257c000, 0x000001a49257b000, 0x000001a49257d800, 0x000001a49257e000,
0x000001a49257f000, 0x000001a49091a800, 0x000001a490919800, 0x000001a49091b000,
0x000001a490917000, 0x000001a49091c000, 0x000001a490918000, 0x000001a49091d000,
0x000001a490919000, 0x000001a490922000, 0x000001a49091d800, 0x000001a490922800,
0x000001a490923800, 0x000001a490924000, 0x000001a490920000, 0x000001a49091e800,
0x000001a49091f800, 0x000001a490925000, 0x000001a490926000, 0x000001a490921000,
0x000001a4906ea000, 0x000001a4906e6800, 0x000001a4906ea800, 0x000001a4906e5800,
0x000001a4906eb800, 0x000001a4906e8000, 0x000001a4906ec000, 0x000001a4906ed000,
0x000001a4906e9000, 0x000001a4906e7800, 0x000001a4906ee800, 0x000001a4906ef800,
0x000001a4906f3000, 0x000001a4906ee000, 0x000001a4906f0800, 0x000001a4906f1000,
0x000001a4906f4800, 0x000001a4906f3800, 0x000001a491d11800, 0x000001a491d14000,
0x000001a491d13000, 0x000001a491d15800
}

Java Threads: ( => current thread )
  0x000001a4f490c000 JavaThread "main" [_thread_blocked, id=288, stack(0x0000001e9f900000,0x0000001e9fa00000)]
  0x000001a4ffdab800 JavaThread "Reference Handler" daemon [_thread_blocked, id=1820, stack(0x0000001ea0000000,0x0000001ea0100000)]
  0x000001a4ffdb9800 JavaThread "Finalizer" daemon [_thread_blocked, id=13444, stack(0x0000001ea0100000,0x0000001ea0200000)]
  0x000001a48f80c800 JavaThread "Signal Dispatcher" daemon [_thread_blocked, id=1676, stack(0x0000001ea0200000,0x0000001ea0300000)]
  0x000001a48f80e800 JavaThread "Attach Listener" daemon [_thread_blocked, id=16744, stack(0x0000001ea0300000,0x0000001ea0400000)]
  0x000001a48f811800 JavaThread "Service Thread" daemon [_thread_blocked, id=15476, stack(0x0000001ea0400000,0x0000001ea0500000)]
=>0x000001a48f817000 JavaThread "C2 CompilerThread0" daemon [_thread_in_native, id=3988, stack(0x0000001ea0500000,0x0000001ea0600000)]
  0x000001a48f81c800 JavaThread "C1 CompilerThread0" daemon [_thread_blocked, id=17964, stack(0x0000001ea0600000,0x0000001ea0700000)]
  0x000001a48f820000 JavaThread "Sweeper thread" daemon [_thread_blocked, id=16736, stack(0x0000001ea0700000,0x0000001ea0800000)]
  0x000001a48f9bf800 JavaThread "Common-Cleaner" daemon [_thread_blocked, id=5024, stack(0x0000001ea0800000,0x0000001ea0900000)]
  0x000001a491cb2000 JavaThread "Daemon health stats" [_thread_blocked, id=11556, stack(0x0000001ea0d00000,0x0000001ea0e00000)]
  0x000001a490915800 JavaThread "Incoming local TCP Connector on port 53683" [_thread_in_native, id=12652, stack(0x0000001ea0a00000,0x0000001ea0b00000)]
  0x000001a491f5f000 JavaThread "Daemon periodic checks" [_thread_blocked, id=6656, stack(0x0000001ea0e00000,0x0000001ea0f00000)]
  0x000001a4911a1800 JavaThread "Daemon" [_thread_blocked, id=17128, stack(0x0000001ea0f00000,0x0000001ea1000000)]
  0x000001a49229f800 JavaThread "Handler for socket connection from /127.0.0.1:53683 to /127.0.0.1:53684" [_thread_in_native, id=15780, stack(0x0000001ea1000000,0x0000001ea1100000)]
  0x000001a49199f000 JavaThread "Cancel handler" [_thread_blocked, id=12416, stack(0x0000001ea1100000,0x0000001ea1200000)]
  0x000001a491311800 JavaThread "Daemon worker" [_thread_in_vm, id=8712, stack(0x0000001ea1200000,0x0000001ea1300000)]
  0x000001a4906e3000 JavaThread "Asynchronous log dispatcher for DefaultDaemonConnection: socket connection from /127.0.0.1:53683 to /127.0.0.1:53684" [_thread_blocked, id=20320, stack(0x0000001ea1300000,0x0000001ea1400000)]
  0x000001a4906e4000 JavaThread "Stdin handler" [_thread_blocked, id=16620, stack(0x0000001ea1400000,0x0000001ea1500000)]
  0x000001a491cc0800 JavaThread "Daemon client event forwarder" [_thread_blocked, id=16944, stack(0x0000001ea1500000,0x0000001ea1600000)]
  0x000001a491cc5800 JavaThread "Cache worker for journal cache (C:\Users\Hp\.gradle\caches\journal-1)" [_thread_blocked, id=3516, stack(0x0000001ea1b00000,0x0000001ea1c00000)]
  0x000001a491cc4000 JavaThread "File lock request listener" [_thread_in_native, id=3932, stack(0x0000001ea1c00000,0x0000001ea1d00000)]
  0x000001a491cc4800 JavaThread "Cache worker for file hash cache (C:\Users\Hp\.gradle\caches\7.2\fileHashes)" [_thread_blocked, id=11220, stack(0x0000001ea1d00000,0x0000001ea1e00000)]
  0x000001a491cbf800 JavaThread "Cache worker for file hash cache (C:\Users\Hp\AndroidStudioProjects\presentation\.gradle\7.2\fileHashes)" [_thread_blocked, id=14776, stack(0x0000001ea2000000,0x0000001ea2100000)]
  0x000001a491cc6000 JavaThread "File watcher server" daemon [_thread_in_native, id=17112, stack(0x0000001ea2100000,0x0000001ea2200000)]
  0x000001a491cc2000 JavaThread "File watcher consumer" daemon [_thread_blocked, id=3672, stack(0x0000001ea2200000,0x0000001ea2300000)]
  0x000001a491cc3000 JavaThread "Cache worker for checksums cache (C:\Users\Hp\AndroidStudioProjects\presentation\.gradle\checksums)" [_thread_blocked, id=3524, stack(0x0000001ea2300000,0x0000001ea2400000)]
  0x000001a491cc1800 JavaThread "Cache worker for cache directory md-supplier (C:\Users\Hp\.gradle\caches\7.2\md-supplier)" [_thread_blocked, id=6616, stack(0x0000001ea2400000,0x0000001ea2500000)]
  0x000001a48fd21000 JavaThread "Cache worker for cache directory md-rule (C:\Users\Hp\.gradle\caches\7.2\md-rule)" [_thread_blocked, id=11268, stack(0x0000001ea2500000,0x0000001ea2600000)]
  0x000001a48fd25000 JavaThread "Cache worker for execution history cache (C:\Users\Hp\.gradle\caches\7.2\executionHistory)" [_thread_blocked, id=19616, stack(0x0000001ea2700000,0x0000001ea2800000)]
  0x000001a48fd22800 JavaThread "jar transforms" [_thread_blocked, id=11236, stack(0x0000001ea2800000,0x0000001ea2900000)]
  0x000001a48fd1f800 JavaThread "Cache worker for file content cache (C:\Users\Hp\.gradle\caches\7.2\fileContent)" [_thread_blocked, id=9544, stack(0x0000001ea2900000,0x0000001ea2a00000)]
  0x000001a48fd26800 JavaThread "jar transforms Thread 2" [_thread_blocked, id=19608, stack(0x0000001ea2a00000,0x0000001ea2b00000)]
  0x000001a48fd27800 JavaThread "Cache worker for dependencies-accessors (C:\Users\Hp\AndroidStudioProjects\presentation\.gradle\7.2\dependencies-accessors)" [_thread_blocked, id=15480, stack(0x0000001ea2b00000,0x0000001ea2c00000)]
  0x000001a48fd22000 JavaThread "jar transforms Thread 3" [_thread_blocked, id=2652, stack(0x0000001ea2c00000,0x0000001ea2d00000)]
  0x000001a48fd2c800 JavaThread "Cache worker for Build Output Cleanup Cache (C:\Users\Hp\AndroidStudioProjects\presentation\.gradle\buildOutputCleanup)" [_thread_blocked, id=20180, stack(0x0000001ea1f00000,0x0000001ea2000000)]
  0x000001a48fd29000 JavaThread "Unconstrained build operations" [_thread_blocked, id=15636, stack(0x0000001ea2600000,0x0000001ea2700000)]
  0x000001a48fd2d800 JavaThread "Unconstrained build operations Thread 2" [_thread_blocked, id=3232, stack(0x0000001ea2d00000,0x0000001ea2e00000)]
  0x000001a48fd2b000 JavaThread "Unconstrained build operations Thread 3" [_thread_blocked, id=14904, stack(0x0000001ea2e00000,0x0000001ea2f00000)]
  0x000001a48fd2e000 JavaThread "Unconstrained build operations Thread 4" [_thread_blocked, id=17640, stack(0x0000001ea2f00000,0x0000001ea3000000)]
  0x000001a48fd2a000 JavaThread "Unconstrained build operations Thread 5" [_thread_blocked, id=17172, stack(0x0000001ea3000000,0x0000001ea3100000)]
  0x000001a48fd2b800 JavaThread "Unconstrained build operations Thread 6" [_thread_blocked, id=18976, stack(0x0000001ea3100000,0x0000001ea3200000)]
  0x000001a48fd28800 JavaThread "Unconstrained build operations Thread 7" [_thread_blocked, id=12336, stack(0x0000001ea3200000,0x0000001ea3300000)]
  0x000001a495cae800 JavaThread "Unconstrained build operations Thread 8" [_thread_blocked, id=18156, stack(0x0000001ea3300000,0x0000001ea3400000)]
  0x000001a495cad000 JavaThread "Unconstrained build operations Thread 9" [_thread_blocked, id=5500, stack(0x0000001ea3400000,0x0000001ea3500000)]
  0x000001a495caf000 JavaThread "Unconstrained build operations Thread 10" [_thread_blocked, id=14864, stack(0x0000001ea3500000,0x0000001ea3600000)]
  0x000001a495caa800 JavaThread "Unconstrained build operations Thread 11" [_thread_blocked, id=13652, stack(0x0000001ea3600000,0x0000001ea3700000)]
  0x000001a495ca9800 JavaThread "Unconstrained build operations Thread 12" [_thread_blocked, id=2264, stack(0x0000001ea3700000,0x0000001ea3800000)]
  0x000001a495cad800 JavaThread "Unconstrained build operations Thread 13" [_thread_blocked, id=7476, stack(0x0000001ea3800000,0x0000001ea3900000)]
  0x000001a495cb0000 JavaThread "Unconstrained build operations Thread 14" [_thread_blocked, id=15912, stack(0x0000001ea3900000,0x0000001ea3a00000)]
  0x000001a495cb1000 JavaThread "Unconstrained build operations Thread 15" [_thread_blocked, id=16432, stack(0x0000001ea3a00000,0x0000001ea3b00000)]
  0x000001a495cab000 JavaThread "Unconstrained build operations Thread 16" [_thread_blocked, id=12700, stack(0x0000001ea3b00000,0x0000001ea3c00000)]
  0x000001a495cb1800 JavaThread "Unconstrained build operations Thread 17" [_thread_blocked, id=10480, stack(0x0000001ea3c00000,0x0000001ea3d00000)]
  0x000001a495cac000 JavaThread "Unconstrained build operations Thread 18" [_thread_blocked, id=4420, stack(0x0000001ea3d00000,0x0000001ea3e00000)]
  0x000001a495cb6800 JavaThread "Unconstrained build operations Thread 19" [_thread_blocked, id=15028, stack(0x0000001ea3e00000,0x0000001ea3f00000)]
  0x000001a495cb4000 JavaThread "Unconstrained build operations Thread 20" [_thread_blocked, id=9072, stack(0x0000001ea3f00000,0x0000001ea4000000)]
  0x000001a495cb5000 JavaThread "Unconstrained build operations Thread 21" [_thread_blocked, id=6012, stack(0x0000001ea4000000,0x0000001ea4100000)]
  0x000001a495cb7800 JavaThread "Unconstrained build operations Thread 22" [_thread_blocked, id=2072, stack(0x0000001ea4100000,0x0000001ea4200000)]
  0x000001a495cb8000 JavaThread "Unconstrained build operations Thread 23" [_thread_blocked, id=13120, stack(0x0000001ea4200000,0x0000001ea4300000)]
  0x000001a495cb3800 JavaThread "Unconstrained build operations Thread 24" [_thread_blocked, id=12040, stack(0x0000001ea4300000,0x0000001ea4400000)]
  0x000001a495cb2800 JavaThread "Unconstrained build operations Thread 25" [_thread_blocked, id=11344, stack(0x0000001ea4400000,0x0000001ea4500000)]
  0x000001a495cb5800 JavaThread "Unconstrained build operations Thread 26" [_thread_blocked, id=4136, stack(0x0000001ea4500000,0x0000001ea4600000)]
  0x000001a492573000 JavaThread "Unconstrained build operations Thread 27" [_thread_blocked, id=18992, stack(0x0000001ea4600000,0x0000001ea4700000)]
  0x000001a492576000 JavaThread "Unconstrained build operations Thread 28" [_thread_blocked, id=15668, stack(0x0000001ea4700000,0x0000001ea4800000)]
  0x000001a492573800 JavaThread "Unconstrained build operations Thread 29" [_thread_blocked, id=19812, stack(0x0000001ea4800000,0x0000001ea4900000)]
  0x000001a492577800 JavaThread "Unconstrained build operations Thread 30" [_thread_blocked, id=11620, stack(0x0000001ea4900000,0x0000001ea4a00000)]
  0x000001a492575800 JavaThread "Unconstrained build operations Thread 31" [_thread_blocked, id=16140, stack(0x0000001ea4a00000,0x0000001ea4b00000)]
  0x000001a492572000 JavaThread "Unconstrained build operations Thread 32" [_thread_blocked, id=17792, stack(0x0000001ea4b00000,0x0000001ea4c00000)]
  0x000001a492578800 JavaThread "Unconstrained build operations Thread 33" [_thread_blocked, id=8188, stack(0x0000001ea4c00000,0x0000001ea4d00000)]
  0x000001a492579800 JavaThread "Unconstrained build operations Thread 34" [_thread_blocked, id=16148, stack(0x0000001ea4d00000,0x0000001ea4e00000)]
  0x000001a49257a000 JavaThread "Unconstrained build operations Thread 35" [_thread_blocked, id=10204, stack(0x0000001ea4e00000,0x0000001ea4f00000)]
  0x000001a492574800 JavaThread "Unconstrained build operations Thread 36" [_thread_blocked, id=10760, stack(0x0000001ea4f00000,0x0000001ea5000000)]
  0x000001a49257c800 JavaThread "Unconstrained build operations Thread 37" [_thread_blocked, id=2812, stack(0x0000001ea5000000,0x0000001ea5100000)]
  0x000001a492577000 JavaThread "Unconstrained build operations Thread 38" [_thread_blocked, id=18032, stack(0x0000001ea5100000,0x0000001ea5200000)]
  0x000001a492580800 JavaThread "Unconstrained build operations Thread 39" [_thread_blocked, id=18508, stack(0x0000001ea5200000,0x0000001ea5300000)]
  0x000001a492580000 JavaThread "Unconstrained build operations Thread 40" [_thread_blocked, id=2196, stack(0x0000001ea5300000,0x0000001ea5400000)]
  0x000001a49257c000 JavaThread "Unconstrained build operations Thread 41" [_thread_blocked, id=12332, stack(0x0000001ea5400000,0x0000001ea5500000)]
  0x000001a49257b000 JavaThread "Unconstrained build operations Thread 42" [_thread_blocked, id=9248, stack(0x0000001ea5500000,0x0000001ea5600000)]
  0x000001a49257d800 JavaThread "Unconstrained build operations Thread 43" [_thread_blocked, id=19680, stack(0x0000001ea5600000,0x0000001ea5700000)]
  0x000001a49257e000 JavaThread "Unconstrained build operations Thread 44" [_thread_blocked, id=6436, stack(0x0000001ea5700000,0x0000001ea5800000)]
  0x000001a49257f000 JavaThread "Unconstrained build operations Thread 45" [_thread_blocked, id=17116, stack(0x0000001ea5800000,0x0000001ea5900000)]
  0x000001a49091a800 JavaThread "Unconstrained build operations Thread 46" [_thread_blocked, id=15024, stack(0x0000001ea5900000,0x0000001ea5a00000)]
  0x000001a490919800 JavaThread "Unconstrained build operations Thread 47" [_thread_blocked, id=14180, stack(0x0000001ea5a00000,0x0000001ea5b00000)]
  0x000001a49091b000 JavaThread "Unconstrained build operations Thread 48" [_thread_blocked, id=7528, stack(0x0000001ea5b00000,0x0000001ea5c00000)]
  0x000001a490917000 JavaThread "Unconstrained build operations Thread 49" [_thread_blocked, id=420, stack(0x0000001ea5c00000,0x0000001ea5d00000)]
  0x000001a49091c000 JavaThread "Unconstrained build operations Thread 50" [_thread_blocked, id=16380, stack(0x0000001ea5d00000,0x0000001ea5e00000)]
  0x000001a490918000 JavaThread "Unconstrained build operations Thread 51" [_thread_blocked, id=3756, stack(0x0000001ea5e00000,0x0000001ea5f00000)]
  0x000001a49091d000 JavaThread "Unconstrained build operations Thread 52" [_thread_blocked, id=1468, stack(0x0000001ea5f00000,0x0000001ea6000000)]
  0x000001a490919000 JavaThread "Unconstrained build operations Thread 53" [_thread_blocked, id=14912, stack(0x0000001ea6000000,0x0000001ea6100000)]
  0x000001a490922000 JavaThread "Unconstrained build operations Thread 54" [_thread_blocked, id=17372, stack(0x0000001ea6100000,0x0000001ea6200000)]
  0x000001a49091d800 JavaThread "Unconstrained build operations Thread 55" [_thread_blocked, id=18380, stack(0x0000001ea6200000,0x0000001ea6300000)]
  0x000001a490922800 JavaThread "Unconstrained build operations Thread 56" [_thread_blocked, id=13676, stack(0x0000001ea6300000,0x0000001ea6400000)]
  0x000001a490923800 JavaThread "Unconstrained build operations Thread 57" [_thread_blocked, id=8856, stack(0x0000001ea6400000,0x0000001ea6500000)]
  0x000001a490924000 JavaThread "Unconstrained build operations Thread 58" [_thread_blocked, id=19212, stack(0x0000001ea6500000,0x0000001ea6600000)]
  0x000001a490920000 JavaThread "Unconstrained build operations Thread 59" [_thread_blocked, id=17248, stack(0x0000001ea6600000,0x0000001ea6700000)]
  0x000001a49091e800 JavaThread "Unconstrained build operations Thread 60" [_thread_blocked, id=6884, stack(0x0000001ea6700000,0x0000001ea6800000)]
  0x000001a49091f800 JavaThread "Unconstrained build operations Thread 61" [_thread_blocked, id=12976, stack(0x0000001ea6800000,0x0000001ea6900000)]
  0x000001a490925000 JavaThread "Unconstrained build operations Thread 62" [_thread_blocked, id=5956, stack(0x0000001ea6900000,0x0000001ea6a00000)]
  0x000001a490926000 JavaThread "Unconstrained build operations Thread 63" [_thread_blocked, id=16276, stack(0x0000001ea6a00000,0x0000001ea6b00000)]
  0x000001a490921000 JavaThread "Unconstrained build operations Thread 64" [_thread_blocked, id=5952, stack(0x0000001ea6b00000,0x0000001ea6c00000)]
  0x000001a4906ea000 JavaThread "Unconstrained build operations Thread 65" [_thread_blocked, id=16300, stack(0x0000001ea6c00000,0x0000001ea6d00000)]
  0x000001a4906e6800 JavaThread "Unconstrained build operations Thread 66" [_thread_blocked, id=12184, stack(0x0000001ea6d00000,0x0000001ea6e00000)]
  0x000001a4906ea800 JavaThread "Unconstrained build operations Thread 67" [_thread_blocked, id=14560, stack(0x0000001ea6e00000,0x0000001ea6f00000)]
  0x000001a4906e5800 JavaThread "Unconstrained build operations Thread 68" [_thread_blocked, id=12992, stack(0x0000001ea6f00000,0x0000001ea7000000)]
  0x000001a4906eb800 JavaThread "Unconstrained build operations Thread 69" [_thread_blocked, id=14696, stack(0x0000001ea7000000,0x0000001ea7100000)]
  0x000001a4906e8000 JavaThread "Unconstrained build operations Thread 70" [_thread_blocked, id=12320, stack(0x0000001ea7100000,0x0000001ea7200000)]
  0x000001a4906ec000 JavaThread "Unconstrained build operations Thread 71" [_thread_blocked, id=16052, stack(0x0000001ea7200000,0x0000001ea7300000)]
  0x000001a4906ed000 JavaThread "Unconstrained build operations Thread 72" [_thread_blocked, id=20176, stack(0x0000001ea7300000,0x0000001ea7400000)]
  0x000001a4906e9000 JavaThread "Unconstrained build operations Thread 73" [_thread_blocked, id=8952, stack(0x0000001ea7400000,0x0000001ea7500000)]
  0x000001a4906e7800 JavaThread "Unconstrained build operations Thread 74" [_thread_blocked, id=3580, stack(0x0000001ea7500000,0x0000001ea7600000)]
  0x000001a4906ee800 JavaThread "Unconstrained build operations Thread 75" [_thread_blocked, id=19016, stack(0x0000001ea7600000,0x0000001ea7700000)]
  0x000001a4906ef800 JavaThread "Unconstrained build operations Thread 76" [_thread_blocked, id=8480, stack(0x0000001ea7700000,0x0000001ea7800000)]
  0x000001a4906f3000 JavaThread "Unconstrained build operations Thread 77" [_thread_blocked, id=14240, stack(0x0000001ea7800000,0x0000001ea7900000)]
  0x000001a4906ee000 JavaThread "Unconstrained build operations Thread 78" [_thread_blocked, id=20016, stack(0x0000001ea7900000,0x0000001ea7a00000)]
  0x000001a4906f0800 JavaThread "Unconstrained build operations Thread 79" [_thread_blocked, id=12112, stack(0x0000001ea7a00000,0x0000001ea7b00000)]
  0x000001a4906f1000 JavaThread "Unconstrained build operations Thread 80" [_thread_blocked, id=14608, stack(0x0000001ea7b00000,0x0000001ea7c00000)]
  0x000001a4906f4800 JavaThread "jar transforms Thread 4" [_thread_blocked, id=18356, stack(0x0000001ea7d00000,0x0000001ea7e00000)]
  0x000001a4906f3800 JavaThread "jar transforms Thread 5" [_thread_blocked, id=7704, stack(0x0000001ea7e00000,0x0000001ea7f00000)]
  0x000001a491d11800 JavaThread "jar transforms Thread 6" [_thread_blocked, id=3904, stack(0x0000001ea7f00000,0x0000001ea8000000)]
  0x000001a491d14000 JavaThread "jar transforms Thread 7" [_thread_blocked, id=16652, stack(0x0000001ea8000000,0x0000001ea8100000)]
  0x000001a491d13000 JavaThread "jar transforms Thread 8" [_thread_blocked, id=3212, stack(0x0000001ea8100000,0x0000001ea8200000)]
  0x000001a491d15800 JavaThread "Memory manager" [_thread_blocked, id=11844, stack(0x0000001ea7c00000,0x0000001ea7d00000)]

Other Threads:
  0x000001a4ffd67000 VMThread "VM Thread" [stack: 0x0000001e9ff00000,0x0000001ea0000000] [id=17868]
  0x000001a48f9c8800 WatcherThread [stack: 0x0000001ea0900000,0x0000001ea0a00000] [id=3832]
  0x000001a4f4923800 GCTaskThread "GC Thread#0" [stack: 0x0000001e9fa00000,0x0000001e9fb00000] [id=2900]
  0x000001a49059c000 GCTaskThread "GC Thread#1" [stack: 0x0000001ea0b00000,0x0000001ea0c00000] [id=7592]
  0x000001a49013c000 GCTaskThread "GC Thread#2" [stack: 0x0000001ea0c00000,0x0000001ea0d00000] [id=11752]
  0x000001a491db2800 GCTaskThread "GC Thread#3" [stack: 0x0000001ea1600000,0x0000001ea1700000] [id=18640]
  0x000001a492114000 GCTaskThread "GC Thread#4" [stack: 0x0000001ea1700000,0x0000001ea1800000] [id=17880]
  0x000001a4900a0000 GCTaskThread "GC Thread#5" [stack: 0x0000001ea1800000,0x0000001ea1900000] [id=12188]
  0x000001a49196a800 GCTaskThread "GC Thread#6" [stack: 0x0000001ea1900000,0x0000001ea1a00000] [id=15228]
  0x000001a490b58000 GCTaskThread "GC Thread#7" [stack: 0x0000001ea1a00000,0x0000001ea1b00000] [id=14532]
  0x000001a4f4959800 ConcurrentGCThread "G1 Main Marker" [stack: 0x0000001e9fb00000,0x0000001e9fc00000] [id=9428]
  0x000001a4f495c800 ConcurrentGCThread "G1 Conc#0" [stack: 0x0000001e9fc00000,0x0000001e9fd00000] [id=3184]
  0x000001a4920dd000 ConcurrentGCThread "G1 Conc#1" [stack: 0x0000001ea1e00000,0x0000001ea1f00000] [id=14760]
  0x000001a4f49e8000 ConcurrentGCThread "G1 Refine#0" [stack: 0x0000001e9fd00000,0x0000001e9fe00000] [id=8924]
  0x000001a4ffbd0800 ConcurrentGCThread "G1 Young RemSet Sampling" [stack: 0x0000001e9fe00000,0x0000001e9ff00000] [id=16104]

Threads with active compile tasks:
C2 CompilerThread0  21348 6699       4       groovy.lang.MetaClassImpl$1MOPIter::methodNameAction (325 bytes)

VM state:not at safepoint (normal execution)

VM Mutex/Monitor currently owned by a thread: None

Heap address: 0x0000000080000000, size: 2048 MB, Compressed Oops mode: 32-bit
Narrow klass base: 0x0000000000000000, Narrow klass shift: 3
Compressed class space size: 1073741824 Address: 0x0000000100000000

Heap:
 garbage-first heap   total 155648K, used 93153K [0x0000000080000000, 0x0000000100000000)
  region size 1024K, 47 young (48128K), 8 survivors (8192K)
 Metaspace       used 64896K, capacity 66560K, committed 66764K, reserved 1107968K
  class space    used 8255K, capacity 8866K, committed 8908K, reserved 1048576K
Heap Regions: E=young(eden), S=young(survivor), O=old, HS=humongous(starts), HC=humongous(continues), CS=collection set, F=free, A=archive, TAMS=top-at-mark-start (previous, next)
|   0|0x0000000080000000, 0x0000000080100000, 0x0000000080100000|100%| O|  |TAMS 0x0000000080100000, 0x0000000080000000| Untracked 
|   1|0x0000000080100000, 0x0000000080200000, 0x0000000080200000|100%| O|  |TAMS 0x0000000080200000, 0x0000000080100000| Untracked 
|   2|0x0000000080200000, 0x0000000080300000, 0x0000000080300000|100%| O|  |TAMS 0x0000000080300000, 0x0000000080200000| Untracked 
|   3|0x0000000080300000, 0x0000000080400000, 0x0000000080400000|100%|HS|  |TAMS 0x0000000080400000, 0x0000000080300000| Complete 
|   4|0x0000000080400000, 0x0000000080500000, 0x0000000080500000|100%|HC|  |TAMS 0x0000000080500000, 0x0000000080400000| Complete 
|   5|0x0000000080500000, 0x0000000080600000, 0x0000000080600000|100%|HC|  |TAMS 0x0000000080600000, 0x0000000080500000| Complete 
|   6|0x0000000080600000, 0x0000000080700000, 0x0000000080700000|100%| O|  |TAMS 0x0000000080700000, 0x0000000080600000| Untracked 
|   7|0x0000000080700000, 0x0000000080800000, 0x0000000080800000|100%| O|  |TAMS 0x0000000080800000, 0x0000000080700000| Untracked 
|   8|0x0000000080800000, 0x0000000080900000, 0x0000000080900000|100%| O|  |TAMS 0x0000000080900000, 0x0000000080800000| Untracked 
|   9|0x0000000080900000, 0x0000000080a00000, 0x0000000080a00000|100%| O|  |TAMS 0x0000000080a00000, 0x0000000080900000| Untracked 
|  10|0x0000000080a00000, 0x0000000080b00000, 0x0000000080b00000|100%| O|  |TAMS 0x0000000080b00000, 0x0000000080a00000| Untracked 
|  11|0x0000000080b00000, 0x0000000080c00000, 0x0000000080c00000|100%| O|  |TAMS 0x0000000080c00000, 0x0000000080b00000| Untracked 
|  12|0x0000000080c00000, 0x0000000080d00000, 0x0000000080d00000|100%| O|  |TAMS 0x0000000080d00000, 0x0000000080c00000| Untracked 
|  13|0x0000000080d00000, 0x0000000080e00000, 0x0000000080e00000|100%| O|  |TAMS 0x0000000080e00000, 0x0000000080d00000| Untracked 
|  14|0x0000000080e00000, 0x0000000080f00000, 0x0000000080f00000|100%| O|  |TAMS 0x0000000080f00000, 0x0000000080e00000| Untracked 
|  15|0x0000000080f00000, 0x0000000081000000, 0x0000000081000000|100%| O|  |TAMS 0x0000000081000000, 0x0000000080f00000| Untracked 
|  16|0x0000000081000000, 0x0000000081100000, 0x0000000081100000|100%| O|  |TAMS 0x0000000081100000, 0x0000000081000000| Untracked 
|  17|0x0000000081100000, 0x0000000081200000, 0x0000000081200000|100%| O|  |TAMS 0x0000000081200000, 0x0000000081100000| Untracked 
|  18|0x0000000081200000, 0x0000000081300000, 0x0000000081300000|100%| O|  |TAMS 0x0000000081300000, 0x0000000081200000| Untracked 
|  19|0x0000000081300000, 0x0000000081400000, 0x0000000081400000|100%| O|  |TAMS 0x0000000081400000, 0x0000000081300000| Untracked 
|  20|0x0000000081400000, 0x0000000081500000, 0x0000000081500000|100%| O|  |TAMS 0x0000000081500000, 0x0000000081400000| Untracked 
|  21|0x0000000081500000, 0x0000000081600000, 0x0000000081600000|100%| O|  |TAMS 0x0000000081600000, 0x0000000081500000| Untracked 
|  22|0x0000000081600000, 0x0000000081700000, 0x0000000081700000|100%| O|  |TAMS 0x0000000081700000, 0x0000000081600000| Untracked 
|  23|0x0000000081700000, 0x0000000081800000, 0x0000000081800000|100%| O|  |TAMS 0x0000000081800000, 0x0000000081700000| Untracked 
|  24|0x0000000081800000, 0x0000000081900000, 0x0000000081900000|100%| O|  |TAMS 0x0000000081900000, 0x0000000081800000| Untracked 
|  25|0x0000000081900000, 0x0000000081a00000, 0x0000000081a00000|100%| O|  |TAMS 0x0000000081a00000, 0x0000000081900000| Untracked 
|  26|0x0000000081a00000, 0x0000000081b00000, 0x0000000081b00000|100%|HS|  |TAMS 0x0000000081b00000, 0x0000000081a00000| Complete 
|  27|0x0000000081b00000, 0x0000000081c00000, 0x0000000081c00000|100%|HS|  |TAMS 0x0000000081c00000, 0x0000000081b00000| Complete 
|  28|0x0000000081c00000, 0x0000000081d00000, 0x0000000081d00000|100%|HS|  |TAMS 0x0000000081d00000, 0x0000000081c00000| Complete 
|  29|0x0000000081d00000, 0x0000000081e00000, 0x0000000081e00000|100%| O|  |TAMS 0x0000000081e00000, 0x0000000081d00000| Untracked 
|  30|0x0000000081e00000, 0x0000000081f00000, 0x0000000081f00000|100%| O|  |TAMS 0x0000000081f00000, 0x0000000081e00000| Untracked 
|  31|0x0000000081f00000, 0x0000000082000000, 0x0000000082000000|100%|HS|  |TAMS 0x0000000082000000, 0x0000000081f00000| Complete 
|  32|0x0000000082000000, 0x0000000082100000, 0x0000000082100000|100%|HC|  |TAMS 0x0000000082100000, 0x0000000082000000| Complete 
|  33|0x0000000082100000, 0x0000000082200000, 0x0000000082200000|100%| O|  |TAMS 0x0000000082200000, 0x0000000082100000| Untracked 
|  34|0x0000000082200000, 0x0000000082300000, 0x0000000082300000|100%| O|  |TAMS 0x0000000082300000, 0x0000000082200000| Untracked 
|  35|0x0000000082300000, 0x0000000082400000, 0x0000000082400000|100%| O|  |TAMS 0x0000000082400000, 0x0000000082300000| Untracked 
|  36|0x0000000082400000, 0x0000000082500000, 0x0000000082500000|100%| O|  |TAMS 0x0000000082500000, 0x0000000082400000| Untracked 
|  37|0x0000000082500000, 0x0000000082600000, 0x0000000082600000|100%| O|  |TAMS 0x0000000082600000, 0x0000000082500000| Untracked 
|  38|0x0000000082600000, 0x0000000082700000, 0x0000000082700000|100%| O|  |TAMS 0x0000000082700000, 0x0000000082600000| Untracked 
|  39|0x0000000082700000, 0x0000000082800000, 0x0000000082800000|100%| O|  |TAMS 0x0000000082800000, 0x0000000082700000| Untracked 
|  40|0x0000000082800000, 0x0000000082900000, 0x0000000082900000|100%| O|  |TAMS 0x0000000082900000, 0x0000000082800000| Untracked 
|  41|0x0000000082900000, 0x0000000082a00000, 0x0000000082a00000|100%| O|  |TAMS 0x0000000082a00000, 0x0000000082900000| Untracked 
|  42|0x0000000082a00000, 0x0000000082b00000, 0x0000000082b00000|100%| O|  |TAMS 0x0000000082b00000, 0x0000000082a00000| Untracked 
|  43|0x0000000082b00000, 0x0000000082c00000, 0x0000000082c00000|100%| O|  |TAMS 0x0000000082c00000, 0x0000000082b00000| Untracked 
|  44|0x0000000082c00000, 0x0000000082d00000, 0x0000000082d00000|100%| O|  |TAMS 0x0000000082d00000, 0x0000000082c00000| Untracked 
|  45|0x0000000082d00000, 0x0000000082deb800, 0x0000000082e00000| 91%| O|  |TAMS 0x0000000082deb800, 0x0000000082d00000| Untracked 
|  46|0x0000000082e00000, 0x0000000082e00000, 0x0000000082f00000|  0%| F|  |TAMS 0x0000000082e00000, 0x0000000082e00000| Untracked 
|  47|0x0000000082f00000, 0x0000000082f00000, 0x0000000083000000|  0%| F|  |TAMS 0x0000000082f00000, 0x0000000082f00000| Untracked 
|  48|0x0000000083000000, 0x0000000083000000, 0x0000000083100000|  0%| F|  |TAMS 0x0000000083000000, 0x0000000083000000| Untracked 
|  49|0x0000000083100000, 0x0000000083100000, 0x0000000083200000|  0%| F|  |TAMS 0x0000000083100000, 0x0000000083100000| Untracked 
|  50|0x0000000083200000, 0x0000000083200000, 0x0000000083300000|  0%| F|  |TAMS 0x0000000083200000, 0x0000000083200000| Untracked 
|  51|0x0000000083300000, 0x0000000083300000, 0x0000000083400000|  0%| F|  |TAMS 0x0000000083300000, 0x0000000083300000| Untracked 
|  52|0x0000000083400000, 0x0000000083400000, 0x0000000083500000|  0%| F|  |TAMS 0x0000000083400000, 0x0000000083400000| Untracked 
|  53|0x0000000083500000, 0x0000000083500000, 0x0000000083600000|  0%| F|  |TAMS 0x0000000083500000, 0x0000000083500000| Untracked 
|  54|0x0000000083600000, 0x0000000083600000, 0x0000000083700000|  0%| F|  |TAMS 0x0000000083600000, 0x0000000083600000| Untracked 
|  55|0x0000000083700000, 0x0000000083700000, 0x0000000083800000|  0%| F|  |TAMS 0x0000000083700000, 0x0000000083700000| Untracked 
|  56|0x0000000083800000, 0x0000000083800000, 0x0000000083900000|  0%| F|  |TAMS 0x0000000083800000, 0x0000000083800000| Untracked 
|  57|0x0000000083900000, 0x0000000083900000, 0x0000000083a00000|  0%| F|  |TAMS 0x0000000083900000, 0x0000000083900000| Untracked 
|  58|0x0000000083a00000, 0x0000000083a00000, 0x0000000083b00000|  0%| F|  |TAMS 0x0000000083a00000, 0x0000000083a00000| Untracked 
|  59|0x0000000083b00000, 0x0000000083b00000, 0x0000000083c00000|  0%| F|  |TAMS 0x0000000083b00000, 0x0000000083b00000| Untracked 
|  60|0x0000000083c00000, 0x0000000083c00000, 0x0000000083d00000|  0%| F|  |TAMS 0x0000000083c00000, 0x0000000083c00000| Untracked 
|  61|0x0000000083d00000, 0x0000000083d00000, 0x0000000083e00000|  0%| F|  |TAMS 0x0000000083d00000, 0x0000000083d00000| Untracked 
|  62|0x0000000083e00000, 0x0000000083e00000, 0x0000000083f00000|  0%| F|  |TAMS 0x0000000083e00000, 0x0000000083e00000| Untracked 
|  63|0x0000000083f00000, 0x0000000083f00000, 0x0000000084000000|  0%| F|  |TAMS 0x0000000083f00000, 0x0000000083f00000| Untracked 
|  64|0x0000000084000000, 0x0000000084000000, 0x0000000084100000|  0%| F|  |TAMS 0x0000000084000000, 0x0000000084000000| Untracked 
|  65|0x0000000084100000, 0x0000000084100000, 0x0000000084200000|  0%| F|  |TAMS 0x0000000084100000, 0x0000000084100000| Untracked 
|  66|0x0000000084200000, 0x0000000084200000, 0x0000000084300000|  0%| F|  |TAMS 0x0000000084200000, 0x0000000084200000| Untracked 
|  67|0x0000000084300000, 0x0000000084300000, 0x0000000084400000|  0%| F|  |TAMS 0x0000000084300000, 0x0000000084300000| Untracked 
|  68|0x0000000084400000, 0x0000000084400000, 0x0000000084500000|  0%| F|  |TAMS 0x0000000084400000, 0x0000000084400000| Untracked 
|  69|0x0000000084500000, 0x0000000084500000, 0x0000000084600000|  0%| F|  |TAMS 0x0000000084500000, 0x0000000084500000| Untracked 
|  70|0x0000000084600000, 0x0000000084600000, 0x0000000084700000|  0%| F|  |TAMS 0x0000000084600000, 0x0000000084600000| Untracked 
|  71|0x0000000084700000, 0x0000000084700000, 0x0000000084800000|  0%| F|  |TAMS 0x0000000084700000, 0x0000000084700000| Untracked 
|  72|0x0000000084800000, 0x0000000084800000, 0x0000000084900000|  0%| F|  |TAMS 0x0000000084800000, 0x0000000084800000| Untracked 
|  73|0x0000000084900000, 0x0000000084900000, 0x0000000084a00000|  0%| F|  |TAMS 0x0000000084900000, 0x0000000084900000| Untracked 
|  74|0x0000000084a00000, 0x0000000084a00000, 0x0000000084b00000|  0%| F|  |TAMS 0x0000000084a00000, 0x0000000084a00000| Untracked 
|  75|0x0000000084b00000, 0x0000000084b00000, 0x0000000084c00000|  0%| F|  |TAMS 0x0000000084b00000, 0x0000000084b00000| Untracked 
|  76|0x0000000084c00000, 0x0000000084c00000, 0x0000000084d00000|  0%| F|  |TAMS 0x0000000084c00000, 0x0000000084c00000| Untracked 
|  77|0x0000000084d00000, 0x0000000084d00000, 0x0000000084e00000|  0%| F|  |TAMS 0x0000000084d00000, 0x0000000084d00000| Untracked 
|  78|0x0000000084e00000, 0x0000000084e00000, 0x0000000084f00000|  0%| F|  |TAMS 0x0000000084e00000, 0x0000000084e00000| Untracked 
|  79|0x0000000084f00000, 0x0000000084f00000, 0x0000000085000000|  0%| F|  |TAMS 0x0000000084f00000, 0x0000000084f00000| Untracked 
|  80|0x0000000085000000, 0x0000000085000000, 0x0000000085100000|  0%| F|  |TAMS 0x0000000085000000, 0x0000000085000000| Untracked 
|  81|0x0000000085100000, 0x0000000085100000, 0x0000000085200000|  0%| F|  |TAMS 0x0000000085100000, 0x0000000085100000| Untracked 
|  82|0x0000000085200000, 0x0000000085200000, 0x0000000085300000|  0%| F|  |TAMS 0x0000000085200000, 0x0000000085200000| Untracked 
|  83|0x0000000085300000, 0x0000000085300000, 0x0000000085400000|  0%| F|  |TAMS 0x0000000085300000, 0x0000000085300000| Untracked 
|  84|0x0000000085400000, 0x000000008540cf08, 0x0000000085500000|  5%| S|CS|TAMS 0x0000000085400000, 0x0000000085400000| Complete 
|  85|0x0000000085500000, 0x0000000085600000, 0x0000000085600000|100%| S|CS|TAMS 0x0000000085500000, 0x0000000085500000| Complete 
|  86|0x0000000085600000, 0x0000000085700000, 0x0000000085700000|100%| S|CS|TAMS 0x0000000085600000, 0x0000000085600000| Complete 
|  87|0x0000000085700000, 0x0000000085800000, 0x0000000085800000|100%| S|CS|TAMS 0x0000000085700000, 0x0000000085700000| Complete 
|  88|0x0000000085800000, 0x0000000085900000, 0x0000000085900000|100%| S|CS|TAMS 0x0000000085800000, 0x0000000085800000| Complete 
|  89|0x0000000085900000, 0x0000000085a00000, 0x0000000085a00000|100%| S|CS|TAMS 0x0000000085900000, 0x0000000085900000| Complete 
|  90|0x0000000085a00000, 0x0000000085b00000, 0x0000000085b00000|100%| S|CS|TAMS 0x0000000085a00000, 0x0000000085a00000| Complete 
|  91|0x0000000085b00000, 0x0000000085c00000, 0x0000000085c00000|100%| S|CS|TAMS 0x0000000085b00000, 0x0000000085b00000| Complete 
|  92|0x0000000085c00000, 0x0000000085c00000, 0x0000000085d00000|  0%| F|  |TAMS 0x0000000085c00000, 0x0000000085c00000| Untracked 
|  93|0x0000000085d00000, 0x0000000085d00000, 0x0000000085e00000|  0%| F|  |TAMS 0x0000000085d00000, 0x0000000085d00000| Untracked 
|  94|0x0000000085e00000, 0x0000000085e00000, 0x0000000085f00000|  0%| F|  |TAMS 0x0000000085e00000, 0x0000000085e00000| Untracked 
|  95|0x0000000085f00000, 0x0000000085f00000, 0x0000000086000000|  0%| F|  |TAMS 0x0000000085f00000, 0x0000000085f00000| Untracked 
|  96|0x0000000086000000, 0x0000000086000000, 0x0000000086100000|  0%| F|  |TAMS 0x0000000086000000, 0x0000000086000000| Untracked 
|  97|0x0000000086100000, 0x0000000086100000, 0x0000000086200000|  0%| F|  |TAMS 0x0000000086100000, 0x0000000086100000| Untracked 
|  98|0x0000000086200000, 0x0000000086200000, 0x0000000086300000|  0%| F|  |TAMS 0x0000000086200000, 0x0000000086200000| Untracked 
|  99|0x0000000086300000, 0x0000000086300000, 0x0000000086400000|  0%| F|  |TAMS 0x0000000086300000, 0x0000000086300000| Untracked 
| 100|0x0000000086400000, 0x0000000086400000, 0x0000000086500000|  0%| F|  |TAMS 0x0000000086400000, 0x0000000086400000| Untracked 
| 101|0x0000000086500000, 0x0000000086500000, 0x0000000086600000|  0%| F|  |TAMS 0x0000000086500000, 0x0000000086500000| Untracked 
| 102|0x0000000086600000, 0x0000000086600000, 0x0000000086700000|  0%| F|  |TAMS 0x0000000086600000, 0x0000000086600000| Untracked 
| 103|0x0000000086700000, 0x0000000086700000, 0x0000000086800000|  0%| F|  |TAMS 0x0000000086700000, 0x0000000086700000| Untracked 
| 104|0x0000000086800000, 0x0000000086800000, 0x0000000086900000|  0%| F|  |TAMS 0x0000000086800000, 0x0000000086800000| Untracked 
| 105|0x0000000086900000, 0x0000000086900000, 0x0000000086a00000|  0%| F|  |TAMS 0x0000000086900000, 0x0000000086900000| Untracked 
| 106|0x0000000086a00000, 0x0000000086a00000, 0x0000000086b00000|  0%| F|  |TAMS 0x0000000086a00000, 0x0000000086a00000| Untracked 
| 107|0x0000000086b00000, 0x0000000086b00000, 0x0000000086c00000|  0%| F|  |TAMS 0x0000000086b00000, 0x0000000086b00000| Untracked 
| 108|0x0000000086c00000, 0x0000000086c00000, 0x0000000086d00000|  0%| F|  |TAMS 0x0000000086c00000, 0x0000000086c00000| Untracked 
| 109|0x0000000086d00000, 0x0000000086d00000, 0x0000000086e00000|  0%| F|  |TAMS 0x0000000086d00000, 0x0000000086d00000| Untracked 
| 110|0x0000000086e00000, 0x0000000086e00000, 0x0000000086f00000|  0%| F|  |TAMS 0x0000000086e00000, 0x0000000086e00000| Untracked 
| 111|0x0000000086f00000, 0x0000000086f00000, 0x0000000087000000|  0%| F|  |TAMS 0x0000000086f00000, 0x0000000086f00000| Untracked 
| 112|0x0000000087000000, 0x0000000087080800, 0x0000000087100000| 50%| E|  |TAMS 0x0000000087000000, 0x0000000087000000| Complete 
| 113|0x0000000087100000, 0x0000000087200000, 0x0000000087200000|100%| E|CS|TAMS 0x0000000087100000, 0x0000000087100000| Complete 
| 114|0x0000000087200000, 0x0000000087300000, 0x0000000087300000|100%| E|CS|TAMS 0x0000000087200000, 0x0000000087200000| Complete 
| 115|0x0000000087300000, 0x0000000087400000, 0x0000000087400000|100%| E|CS|TAMS 0x0000000087300000, 0x0000000087300000| Complete 
| 116|0x0000000087400000, 0x0000000087500000, 0x0000000087500000|100%| E|CS|TAMS 0x0000000087400000, 0x0000000087400000| Complete 
| 117|0x0000000087500000, 0x0000000087600000, 0x0000000087600000|100%| E|CS|TAMS 0x0000000087500000, 0x0000000087500000| Complete 
| 118|0x0000000087600000, 0x0000000087700000, 0x0000000087700000|100%| E|CS|TAMS 0x0000000087600000, 0x0000000087600000| Complete 
| 119|0x0000000087700000, 0x0000000087800000, 0x0000000087800000|100%| E|CS|TAMS 0x0000000087700000, 0x0000000087700000| Complete 
| 120|0x0000000087800000, 0x0000000087900000, 0x0000000087900000|100%| E|CS|TAMS 0x0000000087800000, 0x0000000087800000| Complete 
| 121|0x0000000087900000, 0x0000000087a00000, 0x0000000087a00000|100%| E|CS|TAMS 0x0000000087900000, 0x0000000087900000| Complete 
| 122|0x0000000087a00000, 0x0000000087b00000, 0x0000000087b00000|100%| E|CS|TAMS 0x0000000087a00000, 0x0000000087a00000| Complete 
| 123|0x0000000087b00000, 0x0000000087c00000, 0x0000000087c00000|100%| E|CS|TAMS 0x0000000087b00000, 0x0000000087b00000| Complete 
| 124|0x0000000087c00000, 0x0000000087d00000, 0x0000000087d00000|100%| E|CS|TAMS 0x0000000087c00000, 0x0000000087c00000| Complete 
| 125|0x0000000087d00000, 0x0000000087e00000, 0x0000000087e00000|100%| E|CS|TAMS 0x0000000087d00000, 0x0000000087d00000| Complete 
| 126|0x0000000087e00000, 0x0000000087f00000, 0x0000000087f00000|100%| E|CS|TAMS 0x0000000087e00000, 0x0000000087e00000| Complete 
| 127|0x0000000087f00000, 0x0000000088000000, 0x0000000088000000|100%| E|CS|TAMS 0x0000000087f00000, 0x0000000087f00000| Complete 
| 128|0x0000000088000000, 0x0000000088100000, 0x0000000088100000|100%| E|CS|TAMS 0x0000000088000000, 0x0000000088000000| Complete 
| 129|0x0000000088100000, 0x0000000088200000, 0x0000000088200000|100%| E|CS|TAMS 0x0000000088100000, 0x0000000088100000| Complete 
| 130|0x0000000088200000, 0x0000000088300000, 0x0000000088300000|100%| E|CS|TAMS 0x0000000088200000, 0x0000000088200000| Complete 
| 131|0x0000000088300000, 0x0000000088400000, 0x0000000088400000|100%| E|CS|TAMS 0x0000000088300000, 0x0000000088300000| Complete 
| 132|0x0000000088400000, 0x0000000088500000, 0x0000000088500000|100%| E|CS|TAMS 0x0000000088400000, 0x0000000088400000| Complete 
| 133|0x0000000088500000, 0x0000000088600000, 0x0000000088600000|100%| E|CS|TAMS 0x0000000088500000, 0x0000000088500000| Complete 
| 134|0x0000000088600000, 0x0000000088700000, 0x0000000088700000|100%| E|CS|TAMS 0x0000000088600000, 0x0000000088600000| Complete 
| 135|0x0000000088700000, 0x0000000088800000, 0x0000000088800000|100%| E|CS|TAMS 0x0000000088700000, 0x0000000088700000| Complete 
| 136|0x0000000088800000, 0x0000000088900000, 0x0000000088900000|100%| E|CS|TAMS 0x0000000088800000, 0x0000000088800000| Complete 
| 137|0x0000000088900000, 0x0000000088a00000, 0x0000000088a00000|100%| E|CS|TAMS 0x0000000088900000, 0x0000000088900000| Complete 
| 138|0x0000000088a00000, 0x0000000088b00000, 0x0000000088b00000|100%| E|CS|TAMS 0x0000000088a00000, 0x0000000088a00000| Complete 
| 139|0x0000000088b00000, 0x0000000088c00000, 0x0000000088c00000|100%| E|CS|TAMS 0x0000000088b00000, 0x0000000088b00000| Complete 
| 140|0x0000000088c00000, 0x0000000088d00000, 0x0000000088d00000|100%| E|CS|TAMS 0x0000000088c00000, 0x0000000088c00000| Complete 
| 141|0x0000000088d00000, 0x0000000088e00000, 0x0000000088e00000|100%| E|CS|TAMS 0x0000000088d00000, 0x0000000088d00000| Complete 
| 142|0x0000000088e00000, 0x0000000088f00000, 0x0000000088f00000|100%| E|CS|TAMS 0x0000000088e00000, 0x0000000088e00000| Complete 
| 143|0x0000000088f00000, 0x0000000089000000, 0x0000000089000000|100%| E|CS|TAMS 0x0000000088f00000, 0x0000000088f00000| Complete 
| 144|0x0000000089000000, 0x0000000089100000, 0x0000000089100000|100%| E|CS|TAMS 0x0000000089000000, 0x0000000089000000| Complete 
| 145|0x0000000089100000, 0x0000000089200000, 0x0000000089200000|100%| E|CS|TAMS 0x0000000089100000, 0x0000000089100000| Complete 
| 146|0x0000000089200000, 0x0000000089300000, 0x0000000089300000|100%| E|CS|TAMS 0x0000000089200000, 0x0000000089200000| Complete 
| 147|0x0000000089300000, 0x0000000089400000, 0x0000000089400000|100%| E|CS|TAMS 0x0000000089300000, 0x0000000089300000| Complete 
| 148|0x0000000089400000, 0x0000000089500000, 0x0000000089500000|100%| E|CS|TAMS 0x0000000089400000, 0x0000000089400000| Complete 
| 149|0x0000000089500000, 0x0000000089600000, 0x0000000089600000|100%| E|CS|TAMS 0x0000000089500000, 0x0000000089500000| Complete 
| 150|0x0000000089600000, 0x0000000089700000, 0x0000000089700000|100%| E|CS|TAMS 0x0000000089600000, 0x0000000089600000| Complete 
| 151|0x0000000089700000, 0x0000000089800000, 0x0000000089800000|100%| E|CS|TAMS 0x0000000089700000, 0x0000000089700000| Complete 

Card table byte_map: [0x000001a4f8b40000,0x000001a4f8f40000] _byte_map_base: 0x000001a4f8740000

Marking Bits (Prev, Next): (CMBitMap*) 0x000001a4f49507e0, (CMBitMap*) 0x000001a4f49507a8
 Prev Bits: [0x000001a4fb340000, 0x000001a4fd340000)
 Next Bits: [0x000001a4f9340000, 0x000001a4fb340000)

Polling page: 0x000001a4f2860000

Metaspace:

Usage:
  Non-class:     56.34 MB capacity,    55.31 MB ( 98%) used,   888.82 KB (  2%) free+waste,   164.31 KB ( <1%) overhead. 
      Class:      8.66 MB capacity,     8.06 MB ( 93%) used,   533.56 KB (  6%) free+waste,    77.13 KB ( <1%) overhead. 
       Both:     65.00 MB capacity,    63.38 MB ( 98%) used,     1.39 MB (  2%) free+waste,   241.44 KB ( <1%) overhead. 

Virtual space:
  Non-class space:       58.00 MB reserved,      56.50 MB ( 97%) committed 
      Class space:        1.00 GB reserved,       8.70 MB ( <1%) committed 
             Both:        1.06 GB reserved,      65.20 MB (  6%) committed 

Chunk freelists:
   Non-Class:  34.00 KB
       Class:  30.00 KB
        Both:  64.00 KB

MaxMetaspaceSize: 17179869184.00 GB
CompressedClassSpaceSize: 1.00 GB

CodeHeap 'non-profiled nmethods': size=120000Kb used=3636Kb max_used=3636Kb free=116363Kb
 bounds [0x000001a487ad0000, 0x000001a487e60000, 0x000001a48f000000]
CodeHeap 'profiled nmethods': size=120000Kb used=14284Kb max_used=14284Kb free=105715Kb
 bounds [0x000001a4805a0000, 0x000001a4813a0000, 0x000001a487ad0000]
CodeHeap 'non-nmethods': size=5760Kb used=2261Kb max_used=2317Kb free=3498Kb
 bounds [0x000001a480000000, 0x000001a480270000, 0x000001a4805a0000]
 total_blobs=7509 nmethods=6656 adapters=764
 compilation: enabled
              stopped_count=0, restarted_count=0
 full_count=0

Compilation events (20 events):
Event: 20.997 Thread 0x000001a48f81c800 6696       2       groovyjarjarasm.asm.MethodWriter::visitVarInsn (302 bytes)
Event: 20.998 Thread 0x000001a48f81c800 nmethod 6696 0x000001a481388b10 code [0x000001a481388d20, 0x000001a481389168]
Event: 21.012 Thread 0x000001a48f81c800 6697       1       com.google.common.collect.MapMakerInternalMap$AbstractWeakKeyEntry::getHash (5 bytes)
Event: 21.012 Thread 0x000001a48f81c800 nmethod 6697 0x000001a487e58c10 code [0x000001a487e58dc0, 0x000001a487e58e78]
Event: 21.032 Thread 0x000001a48f81c800 6698       1       org.codehaus.groovy.runtime.metaclass.NewInstanceMetaMethod::getModifiers (2 bytes)
Event: 21.032 Thread 0x000001a48f81c800 nmethod 6698 0x000001a487e58f10 code [0x000001a487e590c0, 0x000001a487e59178]
Event: 21.035 Thread 0x000001a48f817000 nmethod 6550 0x000001a487e59210 code [0x000001a487e59460, 0x000001a487e5b688]
Event: 21.036 Thread 0x000001a48f817000 6699       4       groovy.lang.MetaClassImpl$1MOPIter::methodNameAction (325 bytes)
Event: 21.046 Thread 0x000001a48f81c800 6700       1       org.codehaus.groovy.runtime.callsite.AbstractCallSite::getArray (5 bytes)
Event: 21.046 Thread 0x000001a48f81c800 nmethod 6700 0x000001a487e5c690 code [0x000001a487e5c840, 0x000001a487e5c8f8]
Event: 21.248 Thread 0x000001a48f81c800 6704       3       org.codehaus.groovy.runtime.metaclass.MetaMethodIndex$Header::<init> (26 bytes)
Event: 21.249 Thread 0x000001a48f81c800 nmethod 6704 0x000001a481389390 code [0x000001a481389560, 0x000001a481389848]
Event: 21.250 Thread 0x000001a48f81c800 6705       3       java.util.TimSort::sort (229 bytes)
Event: 21.251 Thread 0x000001a48f81c800 nmethod 6705 0x000001a481389990 code [0x000001a481389be0, 0x000001a48138a2b8]
Event: 21.278 Thread 0x000001a48f81c800 6707       3       java.lang.StringBuilder::append (10 bytes)
Event: 21.278 Thread 0x000001a48f81c800 nmethod 6707 0x000001a48138a690 code [0x000001a48138a840, 0x000001a48138a988]
Event: 21.279 Thread 0x000001a48f81c800 6708       3       java.beans.PropertyDescriptor::<init> (112 bytes)
Event: 21.280 Thread 0x000001a48f81c800 nmethod 6708 0x000001a48138aa10 code [0x000001a48138ac40, 0x000001a48138b368]
Event: 21.280 Thread 0x000001a48f81c800 6709   !   3       java.beans.PropertyDescriptor::updateGenericsFor (37 bytes)
Event: 21.281 Thread 0x000001a48f81c800 nmethod 6709 0x000001a48138b610 code [0x000001a48138b8e0, 0x000001a48138c938]

GC Heap History (20 events):
Event: 5.730 GC heap before
{Heap before GC invocations=4 (full 0):
 garbage-first heap   total 129024K, used 68654K [0x0000000080000000, 0x0000000100000000)
  region size 1024K, 52 young (53248K), 2 survivors (2048K)
 Metaspace       used 25928K, capacity 26502K, committed 26752K, reserved 1073152K
  class space    used 3390K, capacity 3615K, committed 3712K, reserved 1048576K
}
Event: 5.733 GC heap after
{Heap after GC invocations=5 (full 0):
 garbage-first heap   total 129024K, used 19100K [0x0000000080000000, 0x0000000100000000)
  region size 1024K, 3 young (3072K), 3 survivors (3072K)
 Metaspace       used 25928K, capacity 26502K, committed 26752K, reserved 1073152K
  class space    used 3390K, capacity 3615K, committed 3712K, reserved 1048576K
}
Event: 7.007 GC heap before
{Heap before GC invocations=5 (full 0):
 garbage-first heap   total 129024K, used 77468K [0x0000000080000000, 0x0000000100000000)
  region size 1024K, 60 young (61440K), 3 survivors (3072K)
 Metaspace       used 34510K, capacity 35299K, committed 35584K, reserved 1079296K
  class space    used 4480K, capacity 4807K, committed 4864K, reserved 1048576K
}
Event: 7.013 GC heap after
{Heap after GC invocations=6 (full 0):
 garbage-first heap   total 129024K, used 22311K [0x0000000080000000, 0x0000000100000000)
  region size 1024K, 6 young (6144K), 6 survivors (6144K)
 Metaspace       used 34510K, capacity 35299K, committed 35584K, reserved 1079296K
  class space    used 4480K, capacity 4807K, committed 4864K, reserved 1048576K
}
Event: 7.093 GC heap before
{Heap before GC invocations=6 (full 0):
 garbage-first heap   total 129024K, used 24359K [0x0000000080000000, 0x0000000100000000)
  region size 1024K, 9 young (9216K), 6 survivors (6144K)
 Metaspace       used 35042K, capacity 35786K, committed 35840K, reserved 1081344K
  class space    used 4553K, capacity 4863K, committed 4864K, reserved 1048576K
}
Event: 7.104 GC heap after
{Heap after GC invocations=7 (full 0):
 garbage-first heap   total 129024K, used 23023K [0x0000000080000000, 0x0000000100000000)
  region size 1024K, 4 young (4096K), 4 survivors (4096K)
 Metaspace       used 35042K, capacity 35786K, committed 35840K, reserved 1081344K
  class space    used 4553K, capacity 4863K, committed 4864K, reserved 1048576K
}
Event: 7.848 GC heap before
{Heap before GC invocations=8 (full 0):
 garbage-first heap   total 129024K, used 69103K [0x0000000080000000, 0x0000000100000000)
  region size 1024K, 47 young (48128K), 4 survivors (4096K)
 Metaspace       used 38734K, capacity 39705K, committed 39884K, reserved 1083392K
  class space    used 4943K, capacity 5313K, committed 5324K, reserved 1048576K
}
Event: 7.857 GC heap after
{Heap after GC invocations=9 (full 0):
 garbage-first heap   total 129024K, used 26914K [0x0000000080000000, 0x0000000100000000)
  region size 1024K, 5 young (5120K), 5 survivors (5120K)
 Metaspace       used 38734K, capacity 39705K, committed 39884K, reserved 1083392K
  class space    used 4943K, capacity 5313K, committed 5324K, reserved 1048576K
}
Event: 9.228 GC heap before
{Heap before GC invocations=9 (full 0):
 garbage-first heap   total 129024K, used 72994K [0x0000000080000000, 0x0000000100000000)
  region size 1024K, 50 young (51200K), 5 survivors (5120K)
 Metaspace       used 42050K, capacity 43092K, committed 43212K, reserved 1087488K
  class space    used 5434K, capacity 5793K, committed 5836K, reserved 1048576K
}
Event: 9.234 GC heap after
{Heap after GC invocations=10 (full 0):
 garbage-first heap   total 129024K, used 28673K [0x0000000080000000, 0x0000000100000000)
  region size 1024K, 3 young (3072K), 3 survivors (3072K)
 Metaspace       used 42050K, capacity 43092K, committed 43212K, reserved 1087488K
  class space    used 5434K, capacity 5793K, committed 5836K, reserved 1048576K
}
Event: 10.443 GC heap before
{Heap before GC invocations=10 (full 0):
 garbage-first heap   total 129024K, used 77825K [0x0000000080000000, 0x0000000100000000)
  region size 1024K, 51 young (52224K), 3 survivors (3072K)
 Metaspace       used 46074K, capacity 47239K, committed 47308K, reserved 1089536K
  class space    used 5911K, capacity 6321K, committed 6348K, reserved 1048576K
}
Event: 10.450 GC heap after
{Heap after GC invocations=11 (full 0):
 garbage-first heap   total 129024K, used 30403K [0x0000000080000000, 0x0000000100000000)
  region size 1024K, 5 young (5120K), 5 survivors (5120K)
 Metaspace       used 46074K, capacity 47239K, committed 47308K, reserved 1089536K
  class space    used 5911K, capacity 6321K, committed 6348K, reserved 1048576K
}
Event: 13.630 GC heap before
{Heap before GC invocations=11 (full 0):
 garbage-first heap   total 129024K, used 83651K [0x0000000080000000, 0x0000000100000000)
  region size 1024K, 55 young (56320K), 5 survivors (5120K)
 Metaspace       used 48108K, capacity 49424K, committed 49612K, reserved 1091584K
  class space    used 6131K, capacity 6599K, committed 6604K, reserved 1048576K
}
Event: 13.646 GC heap after
{Heap after GC invocations=12 (full 0):
 garbage-first heap   total 129024K, used 38347K [0x0000000080000000, 0x0000000100000000)
  region size 1024K, 7 young (7168K), 7 survivors (7168K)
 Metaspace       used 48108K, capacity 49424K, committed 49612K, reserved 1091584K
  class space    used 6131K, capacity 6599K, committed 6604K, reserved 1048576K
}
Event: 15.639 GC heap before
{Heap before GC invocations=12 (full 0):
 garbage-first heap   total 129024K, used 90571K [0x0000000080000000, 0x0000000100000000)
  region size 1024K, 56 young (57344K), 7 survivors (7168K)
 Metaspace       used 53327K, capacity 54814K, committed 54988K, reserved 1097728K
  class space    used 6782K, capacity 7294K, committed 7372K, reserved 1048576K
}
Event: 15.657 GC heap after
{Heap after GC invocations=13 (full 0):
 garbage-first heap   total 129024K, used 46893K [0x0000000080000000, 0x0000000100000000)
  region size 1024K, 7 young (7168K), 7 survivors (7168K)
 Metaspace       used 53327K, capacity 54814K, committed 54988K, reserved 1097728K
  class space    used 6782K, capacity 7294K, committed 7372K, reserved 1048576K
}
Event: 17.359 GC heap before
{Heap before GC invocations=13 (full 0):
 garbage-first heap   total 129024K, used 78637K [0x0000000080000000, 0x0000000100000000)
  region size 1024K, 39 young (39936K), 7 survivors (7168K)
 Metaspace       used 58646K, capacity 60183K, committed 60236K, reserved 1101824K
  class space    used 7448K, capacity 7992K, committed 8012K, reserved 1048576K
}
Event: 17.372 GC heap after
{Heap after GC invocations=14 (full 0):
 garbage-first heap   total 155648K, used 48756K [0x0000000080000000, 0x0000000100000000)
  region size 1024K, 2 young (2048K), 2 survivors (2048K)
 Metaspace       used 58646K, capacity 60183K, committed 60236K, reserved 1101824K
  class space    used 7448K, capacity 7992K, committed 8012K, reserved 1048576K
}
Event: 20.200 GC heap before
{Heap before GC invocations=15 (full 0):
 garbage-first heap   total 155648K, used 108148K [0x0000000080000000, 0x0000000100000000)
  region size 1024K, 60 young (61440K), 2 survivors (2048K)
 Metaspace       used 64229K, capacity 65815K, committed 66124K, reserved 1105920K
  class space    used 8129K, capacity 8685K, committed 8780K, reserved 1048576K
}
Event: 20.208 GC heap after
{Heap after GC invocations=16 (full 0):
 garbage-first heap   total 155648K, used 54241K [0x0000000080000000, 0x0000000100000000)
  region size 1024K, 8 young (8192K), 8 survivors (8192K)
 Metaspace       used 64229K, capacity 65815K, committed 66124K, reserved 1105920K
  class space    used 8129K, capacity 8685K, committed 8780K, reserved 1048576K
}

Deoptimization events (20 events):
Event: 20.456 Thread 0x000001a491311800 Uncommon trap: trap_request=0xffffffde fr.pc=0x000001a487c7f3fc relative=0x000000000000143c
Event: 20.456 Thread 0x000001a491311800 Uncommon trap: reason=class_check action=maybe_recompile pc=0x000001a487c7f3fc method=org.codehaus.groovy.reflection.ParameterTypes.getParametersTypes0()V @ 16 c2
Event: 20.456 Thread 0x000001a491311800 DEOPT PACKING pc=0x000001a487c7f3fc sp=0x0000001ea12f5ea0
Event: 20.457 Thread 0x000001a491311800 DEOPT UNPACKING pc=0x000001a48002662f sp=0x0000001ea12f5e68 mode 2
Event: 20.477 Thread 0x000001a491311800 Uncommon trap: trap_request=0xffffff4d fr.pc=0x000001a487e1f510 relative=0x0000000000001190
Event: 20.477 Thread 0x000001a491311800 Uncommon trap: reason=unstable_if action=reinterpret pc=0x000001a487e1f510 method=java.lang.ClassLoader.checkCerts(Ljava/lang/String;Ljava/security/CodeSource;)V @ 29 c2
Event: 20.477 Thread 0x000001a491311800 DEOPT PACKING pc=0x000001a487e1f510 sp=0x0000001ea12f7470
Event: 20.477 Thread 0x000001a491311800 DEOPT UNPACKING pc=0x000001a48002662f sp=0x0000001ea12f7438 mode 2
Event: 20.477 Thread 0x000001a491311800 Uncommon trap: trap_request=0xffffff4d fr.pc=0x000001a487dffb38 relative=0x0000000000000338
Event: 20.477 Thread 0x000001a491311800 Uncommon trap: reason=unstable_if action=reinterpret pc=0x000001a487dffb38 method=java.lang.ClassLoader.defineClassSourceLocation(Ljava/security/ProtectionDomain;)Ljava/lang/String; @ 8 c2
Event: 20.477 Thread 0x000001a491311800 DEOPT PACKING pc=0x000001a487dffb38 sp=0x0000001ea12f7510
Event: 20.477 Thread 0x000001a491311800 DEOPT UNPACKING pc=0x000001a48002662f sp=0x0000001ea12f7468 mode 2
Event: 20.477 Thread 0x000001a491311800 Uncommon trap: trap_request=0xffffff4d fr.pc=0x000001a487d20c0c relative=0x0000000000000bcc
Event: 20.477 Thread 0x000001a491311800 Uncommon trap: reason=unstable_if action=reinterpret pc=0x000001a487d20c0c method=java.lang.ClassLoader.loadClass(Ljava/lang/String;Z)Ljava/lang/Class; @ 29 c2
Event: 20.477 Thread 0x000001a491311800 DEOPT PACKING pc=0x000001a487d20c0c sp=0x0000001ea12f6e00
Event: 20.477 Thread 0x000001a491311800 DEOPT UNPACKING pc=0x000001a48002662f sp=0x0000001ea12f6dc8 mode 2
Event: 20.572 Thread 0x000001a491311800 Uncommon trap: trap_request=0xffffff4d fr.pc=0x000001a487c8a180 relative=0x0000000000000340
Event: 20.573 Thread 0x000001a491311800 Uncommon trap: reason=unstable_if action=reinterpret pc=0x000001a487c8a180 method=java.util.StringJoiner.add(Ljava/lang/CharSequence;)Ljava/util/StringJoiner; @ 33 c2
Event: 20.573 Thread 0x000001a491311800 DEOPT PACKING pc=0x000001a487c8a180 sp=0x0000001ea12f59a0
Event: 20.576 Thread 0x000001a491311800 DEOPT UNPACKING pc=0x000001a48002662f sp=0x0000001ea12f5950 mode 2

Classes redefined (0 events):
No events

Internal exceptions (20 events):
Event: 20.687 Thread 0x000001a491311800 Exception <a 'java/lang/ClassNotFoundException'{0x00000000887f2618}: com/android/build/gradle/AbstractAppExtensionCustomizer> (0x00000000887f2618) thrown at [./src/hotspot/share/classfile/systemDictionary.cpp, line 231]
Event: 20.715 Thread 0x000001a491311800 Exception <a 'java/lang/ClassNotFoundException'{0x000000008861f448}: com/android/build/gradle/AppExtensionCustomizer> (0x000000008861f448) thrown at [./src/hotspot/share/classfile/systemDictionary.cpp, line 231]
Event: 20.716 Thread 0x000001a491311800 Exception <a 'java/lang/ClassNotFoundException'{0x000000008864e398}: com/android/build/gradle/internal/dsl/BaseAppModuleExtensionCustomizer> (0x000000008864e398) thrown at [./src/hotspot/share/classfile/systemDictionary.cpp, line 231]
Event: 20.846 Thread 0x000001a491311800 Exception <a 'java/lang/ClassNotFoundException'{0x0000000088537bd0}: com/android/build/gradle/internal/dsl/BaseAppModuleExtension_DecoratedCustomizer> (0x0000000088537bd0) thrown at [./src/hotspot/share/classfile/systemDictionary.cpp, line 231]
Event: 20.991 Thread 0x000001a491311800 Exception <a 'java/lang/ClassNotFoundException'{0x00000000883ab350}: org/gradle/api/internal/DefaultDomainObjectSet_DecoratedBeanInfo> (0x00000000883ab350) thrown at [./src/hotspot/share/classfile/systemDictionary.cpp, line 231]
Event: 20.993 Thread 0x000001a491311800 Exception <a 'java/lang/ClassNotFoundException'{0x00000000883dda00}: org/gradle/api/internal/DefaultDomainObjectSet_DecoratedCustomizer> (0x00000000883dda00) thrown at [./src/hotspot/share/classfile/systemDictionary.cpp, line 231]
Event: 21.035 Thread 0x000001a491311800 Exception <a 'java/lang/ClassNotFoundException'{0x00000000882bd688}: build_dkg1xtzq9hlm10rwupe2qidx5BeanInfo> (0x00000000882bd688) thrown at [./src/hotspot/share/classfile/systemDictionary.cpp, line 231]
Event: 21.035 Thread 0x000001a491311800 Exception <a 'java/lang/ClassNotFoundException'{0x00000000882c85e0}: build_dkg1xtzq9hlm10rwupe2qidx5Customizer> (0x00000000882c85e0) thrown at [./src/hotspot/share/classfile/systemDictionary.cpp, line 231]
Event: 21.271 Thread 0x000001a491311800 Exception <a 'java/lang/ClassNotFoundException'{0x0000000087a7b5e0}: com/android/build/gradle/internal/dsl/DefaultConfig$AgpDecorated_DecoratedBeanInfo> (0x0000000087a7b5e0) thrown at [./src/hotspot/share/classfile/systemDictionary.cpp, line 231]
Event: 21.272 Thread 0x000001a491311800 Exception <a 'java/lang/ClassNotFoundException'{0x0000000087a97028}: com/android/build/gradle/internal/dsl/DefaultConfig$AgpDecoratedBeanInfo> (0x0000000087a97028) thrown at [./src/hotspot/share/classfile/systemDictionary.cpp, line 231]
Event: 21.272 Thread 0x000001a491311800 Exception <a 'java/lang/ClassNotFoundException'{0x0000000087ab1838}: com/android/build/gradle/internal/dsl/DefaultConfigBeanInfo> (0x0000000087ab1838) thrown at [./src/hotspot/share/classfile/systemDictionary.cpp, line 231]
Event: 21.273 Thread 0x000001a491311800 Exception <a 'java/lang/ClassNotFoundException'{0x0000000087acb698}: com/android/build/gradle/internal/dsl/BaseFlavorBeanInfo> (0x0000000087acb698) thrown at [./src/hotspot/share/classfile/systemDictionary.cpp, line 231]
Event: 21.274 Thread 0x000001a491311800 Exception <a 'java/lang/ClassNotFoundException'{0x0000000087ae5320}: com/android/builder/core/AbstractProductFlavorBeanInfo> (0x0000000087ae5320) thrown at [./src/hotspot/share/classfile/systemDictionary.cpp, line 231]
Event: 21.275 Thread 0x000001a491311800 Exception <a 'java/lang/ClassNotFoundException'{0x0000000087aff0b0}: com/android/builder/internal/BaseConfigImplBeanInfo> (0x0000000087aff0b0) thrown at [./src/hotspot/share/classfile/systemDictionary.cpp, line 231]
Event: 21.275 Thread 0x000001a491311800 Exception <a 'java/lang/ClassNotFoundException'{0x0000000087919450}: com/android/builder/internal/BaseConfigImplCustomizer> (0x0000000087919450) thrown at [./src/hotspot/share/classfile/systemDictionary.cpp, line 231]
Event: 21.277 Thread 0x000001a491311800 Exception <a 'java/lang/ClassNotFoundException'{0x0000000087951c70}: com/android/builder/core/AbstractProductFlavorCustomizer> (0x0000000087951c70) thrown at [./src/hotspot/share/classfile/systemDictionary.cpp, line 231]
Event: 21.282 Thread 0x000001a491311800 Exception <a 'java/lang/ClassNotFoundException'{0x00000000879a6c50}: com/android/build/gradle/internal/dsl/BaseFlavorCustomizer> (0x00000000879a6c50) thrown at [./src/hotspot/share/classfile/systemDictionary.cpp, line 231]
Event: 21.288 Thread 0x000001a491311800 Exception <a 'java/lang/ClassNotFoundException'{0x0000000087820368}: com/android/build/gradle/internal/dsl/DefaultConfigCustomizer> (0x0000000087820368) thrown at [./src/hotspot/share/classfile/systemDictionary.cpp, line 231]
Event: 21.290 Thread 0x000001a491311800 Exception <a 'java/lang/ClassNotFoundException'{0x0000000087854018}: com/android/build/gradle/internal/dsl/DefaultConfig$AgpDecoratedCustomizer> (0x0000000087854018) thrown at [./src/hotspot/share/classfile/systemDictionary.cpp, line 231]
Event: 21.293 Thread 0x000001a491311800 Exception <a 'java/lang/ClassNotFoundException'{0x00000000878b08b8}: com/android/build/gradle/internal/dsl/DefaultConfig$AgpDecorated_DecoratedCustomizer> (0x00000000878b08b8) thrown at [./src/hotspot/share/classfile/systemDictionary.cpp, line 231]

Events (20 events):
Event: 21.277 loading class com/android/builder/core/AbstractProductFlavorCustomizer
Event: 21.277 loading class com/android/builder/core/AbstractProductFlavorCustomizer done
Event: 21.280 loading class com/android/build/gradle/internal/dsl/BaseFlavorCustomizer
Event: 21.280 loading class com/android/build/gradle/internal/dsl/BaseFlavorCustomizer done
Event: 21.282 loading class com/android/build/gradle/internal/dsl/BaseFlavorCustomizer
Event: 21.282 loading class com/android/build/gradle/internal/dsl/BaseFlavorCustomizer done
Event: 21.286 loading class java/beans/IntrospectionException
Event: 21.286 loading class java/beans/IntrospectionException done
Event: 21.288 loading class com/android/build/gradle/internal/dsl/DefaultConfigCustomizer
Event: 21.288 loading class com/android/build/gradle/internal/dsl/DefaultConfigCustomizer done
Event: 21.288 loading class com/android/build/gradle/internal/dsl/DefaultConfigCustomizer
Event: 21.288 loading class com/android/build/gradle/internal/dsl/DefaultConfigCustomizer done
Event: 21.289 loading class com/android/build/gradle/internal/dsl/DefaultConfig$AgpDecoratedCustomizer
Event: 21.289 loading class com/android/build/gradle/internal/dsl/DefaultConfig$AgpDecoratedCustomizer done
Event: 21.290 loading class com/android/build/gradle/internal/dsl/DefaultConfig$AgpDecoratedCustomizer
Event: 21.290 loading class com/android/build/gradle/internal/dsl/DefaultConfig$AgpDecoratedCustomizer done
Event: 21.292 loading class com/android/build/gradle/internal/dsl/DefaultConfig$AgpDecorated_DecoratedCustomizer
Event: 21.292 loading class com/android/build/gradle/internal/dsl/DefaultConfig$AgpDecorated_DecoratedCustomizer done
Event: 21.293 loading class com/android/build/gradle/internal/dsl/DefaultConfig$AgpDecorated_DecoratedCustomizer
Event: 21.293 loading class com/android/build/gradle/internal/dsl/DefaultConfig$AgpDecorated_DecoratedCustomizer done


Dynamic libraries:
0x00007ff7e2e10000 - 0x00007ff7e2e1a000 	C:\Program Files\Android\Android Studio\jre\bin\java.exe
0x00007ff85edd0000 - 0x00007ff85efc8000 	C:\WINDOWS\SYSTEM32\ntdll.dll
0x00007ff85d120000 - 0x00007ff85d1dd000 	C:\WINDOWS\System32\KERNEL32.DLL
0x00007ff85c7e0000 - 0x00007ff85caae000 	C:\WINDOWS\System32\KERNELBASE.dll
0x00007ff85c6e0000 - 0x00007ff85c7e0000 	C:\WINDOWS\System32\ucrtbase.dll
0x00007ff83cfc0000 - 0x00007ff83cfd9000 	C:\Program Files\Android\Android Studio\jre\bin\jli.dll
0x00007ff83a330000 - 0x00007ff83a347000 	C:\Program Files\Android\Android Studio\jre\bin\VCRUNTIME140.dll
0x00007ff85ce30000 - 0x00007ff85cfd0000 	C:\WINDOWS\System32\USER32.dll
0x00007ff83ae30000 - 0x00007ff83b0ca000 	C:\WINDOWS\WinSxS\amd64_microsoft.windows.common-controls_6595b64144ccf1df_6.0.19041.1110_none_60b5254171f9507e\COMCTL32.dll
0x00007ff85cb90000 - 0x00007ff85cbb2000 	C:\WINDOWS\System32\win32u.dll
0x00007ff85db60000 - 0x00007ff85dbfe000 	C:\WINDOWS\System32\msvcrt.dll
0x00007ff85d980000 - 0x00007ff85d9aa000 	C:\WINDOWS\System32\GDI32.dll
0x00007ff85cd20000 - 0x00007ff85ce2b000 	C:\WINDOWS\System32\gdi32full.dll
0x00007ff85c4f0000 - 0x00007ff85c58d000 	C:\WINDOWS\System32\msvcp_win.dll
0x00007ff85d950000 - 0x00007ff85d980000 	C:\WINDOWS\System32\IMM32.DLL
0x00007ff82b060000 - 0x00007ff82b0fd000 	C:\Program Files\Android\Android Studio\jre\bin\msvcp140.dll
0x00007ff814c70000 - 0x00007ff815745000 	C:\Program Files\Android\Android Studio\jre\bin\server\jvm.dll
0x00007ff85d6d0000 - 0x00007ff85d77e000 	C:\WINDOWS\System32\ADVAPI32.dll
0x00007ff85dc00000 - 0x00007ff85dc9c000 	C:\WINDOWS\System32\sechost.dll
0x00007ff85cfd0000 - 0x00007ff85d0f5000 	C:\WINDOWS\System32\RPCRT4.dll
0x00007ff85dd50000 - 0x00007ff85dd58000 	C:\WINDOWS\System32\PSAPI.DLL
0x00007ff83fa80000 - 0x00007ff83faa7000 	C:\WINDOWS\SYSTEM32\WINMM.dll
0x00007ff857430000 - 0x00007ff857439000 	C:\WINDOWS\SYSTEM32\WSOCK32.dll
0x00007ff8551a0000 - 0x00007ff8551aa000 	C:\WINDOWS\SYSTEM32\VERSION.dll
0x00007ff85d820000 - 0x00007ff85d88b000 	C:\WINDOWS\System32\WS2_32.dll
0x00007ff85ad80000 - 0x00007ff85ad92000 	C:\WINDOWS\SYSTEM32\kernel.appcore.dll
0x00007ff857410000 - 0x00007ff857421000 	C:\Program Files\Android\Android Studio\jre\bin\verify.dll
0x00007ff85a3c0000 - 0x00007ff85a5a4000 	C:\WINDOWS\SYSTEM32\DBGHELP.DLL
0x00007ff84d560000 - 0x00007ff84d58c000 	C:\WINDOWS\SYSTEM32\dbgcore.DLL
0x00007ff85c590000 - 0x00007ff85c612000 	C:\WINDOWS\System32\bcryptPrimitives.dll
0x00007ff84d210000 - 0x00007ff84d239000 	C:\Program Files\Android\Android Studio\jre\bin\java.dll
0x00007ff857400000 - 0x00007ff85740b000 	C:\Program Files\Android\Android Studio\jre\bin\jimage.dll
0x00007ff855fc0000 - 0x00007ff855fd8000 	C:\Program Files\Android\Android Studio\jre\bin\zip.dll
0x00007ff85dde0000 - 0x00007ff85e524000 	C:\WINDOWS\System32\SHELL32.dll
0x00007ff85a5b0000 - 0x00007ff85ad44000 	C:\WINDOWS\SYSTEM32\windows.storage.dll
0x00007ff85d1e0000 - 0x00007ff85d534000 	C:\WINDOWS\System32\combase.dll
0x00007ff85be80000 - 0x00007ff85beb0000 	C:\WINDOWS\SYSTEM32\Wldp.dll
0x00007ff85e750000 - 0x00007ff85e7fd000 	C:\WINDOWS\System32\SHCORE.dll
0x00007ff85d890000 - 0x00007ff85d8e5000 	C:\WINDOWS\System32\shlwapi.dll
0x00007ff85c430000 - 0x00007ff85c44f000 	C:\WINDOWS\SYSTEM32\profapi.dll
0x00007ff853610000 - 0x00007ff85362a000 	C:\Program Files\Android\Android Studio\jre\bin\net.dll
0x00007ff851030000 - 0x00007ff85113a000 	C:\WINDOWS\SYSTEM32\WINHTTP.dll
0x00007ff85bbe0000 - 0x00007ff85bc4a000 	C:\WINDOWS\system32\mswsock.dll
0x00007ff84fe50000 - 0x00007ff84fe64000 	C:\Program Files\Android\Android Studio\jre\bin\nio.dll
0x00007ff846c00000 - 0x00007ff846c27000 	C:\Users\Hp\.gradle\native\e1d6ef7f7dcc3fd88c89a11ec53ec762bb8ba0a96d01ffa2cd45eb1d1d8dd5c5\windows-amd64\native-platform.dll
0x00007ff817f00000 - 0x00007ff818044000 	C:\Users\Hp\.gradle\native\5664cfc778a61ccfe75a443a1ab52a65af34e5dc3c78e0209fed803814484fcb\windows-amd64\native-platform-file-events.dll
0x00007ff856100000 - 0x00007ff85610a000 	C:\Program Files\Android\Android Studio\jre\bin\management.dll
0x00007ff856080000 - 0x00007ff85608d000 	C:\Program Files\Android\Android Studio\jre\bin\management_ext.dll
0x00007ff85bdd0000 - 0x00007ff85bde8000 	C:\WINDOWS\SYSTEM32\CRYPTSP.dll
0x00007ff85b560000 - 0x00007ff85b594000 	C:\WINDOWS\system32\rsaenh.dll
0x00007ff85cb60000 - 0x00007ff85cb87000 	C:\WINDOWS\System32\bcrypt.dll
0x00007ff85c3b0000 - 0x00007ff85c3de000 	C:\WINDOWS\SYSTEM32\USERENV.dll
0x00007ff85bdf0000 - 0x00007ff85bdfc000 	C:\WINDOWS\SYSTEM32\CRYPTBASE.dll
0x00007ff85b8d0000 - 0x00007ff85b90b000 	C:\WINDOWS\SYSTEM32\IPHLPAPI.DLL
0x00007ff85e660000 - 0x00007ff85e668000 	C:\WINDOWS\System32\NSI.dll
0x00007ff853690000 - 0x00007ff8536a7000 	C:\WINDOWS\SYSTEM32\dhcpcsvc6.DLL
0x00007ff854470000 - 0x00007ff85448d000 	C:\WINDOWS\SYSTEM32\dhcpcsvc.DLL
0x00007ff85b910000 - 0x00007ff85b9db000 	C:\WINDOWS\SYSTEM32\DNSAPI.dll

dbghelp: loaded successfully - version: 4.0.5 - missing functions: none
symbol engine: initialized successfully - sym options: 0x614 - pdb path: .;C:\Program Files\Android\Android Studio\jre\bin;C:\WINDOWS\SYSTEM32;C:\WINDOWS\WinSxS\amd64_microsoft.windows.common-controls_6595b64144ccf1df_6.0.19041.1110_none_60b5254171f9507e;C:\Program Files\Android\Android Studio\jre\bin\server;C:\Users\Hp\.gradle\native\e1d6ef7f7dcc3fd88c89a11ec53ec762bb8ba0a96d01ffa2cd45eb1d1d8dd5c5\windows-amd64;C:\Users\Hp\.gradle\native\5664cfc778a61ccfe75a443a1ab52a65af34e5dc3c78e0209fed803814484fcb\windows-amd64

VM Arguments:
jvm_args: --add-opens=java.base/java.util=ALL-UNNAMED --add-opens=java.base/java.lang=ALL-UNNAMED --add-opens=java.base/java.lang.invoke=ALL-UNNAMED --add-opens=java.base/java.util=ALL-UNNAMED --add-opens=java.prefs/java.util.prefs=ALL-UNNAMED --add-opens=java.prefs/java.util.prefs=ALL-UNNAMED --add-opens=java.base/java.nio.charset=ALL-UNNAMED --add-opens=java.base/java.net=ALL-UNNAMED --add-opens=java.base/java.util.concurrent.atomic=ALL-UNNAMED -Xmx2048m -Dfile.encoding=UTF-8 -Duser.country=US -Duser.language=en -Duser.variant 
java_command: org.gradle.launcher.daemon.bootstrap.GradleDaemon 7.2
java_class_path (initial): C:\Users\Hp\.gradle\wrapper\dists\gradle-7.2-bin\2dnblmf4td7x66yl1d74lt32g\gradle-7.2\lib\gradle-launcher-7.2.jar
Launcher Type: SUN_STANDARD

[Global flags]
     intx CICompilerCount                          = 4                                         {product} {ergonomic}
     uint ConcGCThreads                            = 2                                         {product} {ergonomic}
     uint G1ConcRefinementThreads                  = 8                                         {product} {ergonomic}
   size_t G1HeapRegionSize                         = 1048576                                   {product} {ergonomic}
    uintx GCDrainStackTargetSize                   = 64                                        {product} {ergonomic}
   size_t InitialHeapSize                          = 132120576                                 {product} {ergonomic}
   size_t MarkStackSize                            = 4194304                                   {product} {ergonomic}
   size_t MaxHeapSize                              = 2147483648                                {product} {command line}
   size_t MaxNewSize                               = 1287651328                                {product} {ergonomic}
   size_t MinHeapDeltaBytes                        = 1048576                                   {product} {ergonomic}
    uintx NonNMethodCodeHeapSize                   = 5836300                                {pd product} {ergonomic}
    uintx NonProfiledCodeHeapSize                  = 122910970                              {pd product} {ergonomic}
    uintx ProfiledCodeHeapSize                     = 122910970                              {pd product} {ergonomic}
    uintx ReservedCodeCacheSize                    = 251658240                              {pd product} {ergonomic}
     bool SegmentedCodeCache                       = true                                      {product} {ergonomic}
     bool UseCompressedClassPointers               = true                                 {lp64_product} {ergonomic}
     bool UseCompressedOops                        = true                                 {lp64_product} {ergonomic}
     bool UseG1GC                                  = true                                      {product} {ergonomic}
     bool UseLargePagesIndividualAllocation        = false                                  {pd product} {ergonomic}

Logging:
Log output configuration:
 #0: stdout all=warning uptime,level,tags
 #1: stderr all=off uptime,level,tags

Environment Variables:
PATH=C:\Program Files\Common Files\Oracle\Java\javapath;C:\WINDOWS\system32;C:\WINDOWS;C:\WINDOWS\System32\Wbem;C:\WINDOWS\System32\WindowsPowerShell\v1.0\;C:\WINDOWS\System32\OpenSSH\;C:\Program Files\Microsoft SQL Server\130\Tools\Binn\;C:\Program Files\Microsoft SQL Server\Client SDK\ODBC\170\Tools\Binn\;C:\Program Files\SourceGear\Common\DiffMerge\;C:\Program Files\dotnet\;C:\Program Files\Git\cmd;C:\Users\Hp\AppData\Local\Programs\Python\Python38\Scripts\;C:\Users\Hp\AppData\Local\Programs\Python\Python38\;C:\Users\Hp\AppData\Local\Microsoft\WindowsApps;C:\Program Files\JetBrains\PyCharm Community Edition 2020.2\bin;;C:\Users\Hp\.dotnet\tools;C:\Users\Hp\AppData\Local\Programs\Microsoft VS Code\bin;C:\Users\Hp\AppData\Local\GitHubDesktop\bin
USERNAME=Hp
OS=Windows_NT
PROCESSOR_IDENTIFIER=Intel64 Family 6 Model 142 Stepping 12, GenuineIntel



---------------  S Y S T E M  ---------------

OS: Windows 10 , 64 bit Build 19041 (10.0.19041.1806)
OS uptime: 9 days 12:18 hours

CPU:total 8 (initial active 8) (4 cores per cpu, 2 threads per core) family 6 model 142 stepping 12 microcode 0xf0, cmov, cx8, fxsr, mmx, sse, sse2, sse3, ssse3, sse4.1, sse4.2, popcnt, avx, avx2, aes, clmul, erms, 3dnowpref, lzcnt, ht, tsc, tscinvbit, bmi1, bmi2, adx, fma

Memory: 4k page, system-wide physical 8029M (149M free)
TotalPageFile size 32605M (AvailPageFile size 15M)
current process WorkingSet (physical memory assigned to process): 352M, peak: 356M
current process commit charge ("private bytes"): 401M, peak: 405M

vm_info: OpenJDK 64-Bit Server VM (11.0.11+9-b60-7590822) for windows-amd64 JRE (11.0.11+9-b60-7590822), built on Jul 29 2021 21:43:44 by "builder" with MS VC++ 14.0 (VS2015)

END.
